<?xml version="1.0" encoding="UTF-8"?>
<!-- Generated by org.testng.reporters.JUnitReportReporter -->
<testsuite hostname="DESKTOP-B8ARG4I" failures="0" tests="1" name="PurchaseOrder.testcases.UserLoginTest" time="14.861" errors="0" timestamp="2023-01-18T16:34:36 IST" skipped="0">
  <testcase classname="PurchaseOrder.testcases.UserLoginTest" name="Login" time="14.861"/>
  <system-out/>
</testsuite> <!-- PurchaseOrder.testcases.UserLoginTest -->
