<?xml version="1.0" encoding="UTF-8"?>
<!-- Generated by org.testng.reporters.JUnitReportReporter -->
<testsuite hostname="DESKTOP-B8ARG4I" failures="0" tests="1" name="PurchaseOrder.testcases.NewPoProject" time="0.012" errors="0" timestamp="2023-01-17T16:58:09 IST" skipped="0">
  <testcase classname="PurchaseOrder.testcases.NewPoProject" name="CreateNewProject" time="0.012"/>
  <system-out/>
</testsuite> <!-- PurchaseOrder.testcases.NewPoProject -->
