<?xml version="1.0" encoding="UTF-8"?>
<!-- Generated by org.testng.reporters.JUnitReportReporter -->
<testsuite hostname="DESKTOP-B8ARG4I" failures="0" tests="1" name="PurchaseOrder.testcases.AddSupplierTest" time="12.065" errors="0" timestamp="2023-01-27T12:26:20 IST" skipped="0">
  <testcase classname="PurchaseOrder.testcases.AddSupplierTest" name="addSupplierTest" time="12.065"/>
  <system-out/>
</testsuite> <!-- PurchaseOrder.testcases.AddSupplierTest -->
