<?xml version="1.0" encoding="UTF-8"?>
<!-- Generated by org.testng.reporters.JUnitReportReporter -->
<testsuite hostname="DESKTOP-B8ARG4I" failures="0" tests="1" name="PurchaseOrder.testcases.LoginTestWithVaildData" time="16.570" errors="0" timestamp="2023-01-27T12:26:20 IST" skipped="0">
  <testcase classname="PurchaseOrder.testcases.LoginTestWithVaildData" name="Login" time="16.570"/>
  <system-out/>
</testsuite> <!-- PurchaseOrder.testcases.LoginTestWithVaildData -->
